<?xml version="1.0" encoding="UTF-8"?>
<!-- Generated by org.testng.reporters.JUnitReportReporter -->
<testsuite hostname="BDTUDV31328" name="frameWork.DummyTestC" tests="1" failures="0" timestamp="24 Nov 2016 09:40:23 GMT" time="0.303" errors="0">
  <testcase name="testC1" time="0.303" classname="frameWork.DummyTestC"/>
</testsuite> <!-- frameWork.DummyTestC -->
