<?xml version="1.0" encoding="UTF-8"?>
<!-- Generated by org.testng.reporters.JUnitReportReporter -->
<testsuite hostname="BDTUDV31328" name="readExcelTest.DataDrivenTestA" tests="5" failures="0" timestamp="8 Nov 2016 08:35:23 GMT" time="0.048" errors="0">
  <testcase name="testA" time="0.045" classname="readExcelTest.DataDrivenTestA"/>
  <testcase name="testA" time="0.000" classname="readExcelTest.DataDrivenTestA"/>
  <testcase name="testA" time="0.001" classname="readExcelTest.DataDrivenTestA"/>
  <testcase name="testA" time="0.001" classname="readExcelTest.DataDrivenTestA"/>
  <testcase name="testA" time="0.001" classname="readExcelTest.DataDrivenTestA"/>
</testsuite> <!-- readExcelTest.DataDrivenTestA -->
