<?xml version="1.0" encoding="UTF-8"?>
<!-- Generated by org.testng.reporters.JUnitReportReporter -->
<testsuite hostname="BDTUDV31328" name="readExcelTest.HashtableDelete" tests="5" failures="0" timestamp="10 Nov 2016 04:54:08 GMT" time="0.606" errors="0">
  <testcase name="testA" time="0.574" classname="readExcelTest.HashtableDelete"/>
  <testcase name="testA" time="0.002" classname="readExcelTest.HashtableDelete"/>
  <testcase name="testA" time="0.021" classname="readExcelTest.HashtableDelete"/>
  <testcase name="testA" time="0.001" classname="readExcelTest.HashtableDelete"/>
  <testcase name="testA" time="0.008" classname="readExcelTest.HashtableDelete"/>
</testsuite> <!-- readExcelTest.HashtableDelete -->
