<?xml version="1.0" encoding="UTF-8"?>
<!-- Generated by org.testng.reporters.JUnitReportReporter -->
<testsuite hostname="BDTUDV31328" name="readExcelTest.MDReadXls" tests="5" failures="0" timestamp="9 Nov 2016 19:46:16 GMT" time="0.018" errors="0">
  <testcase name="testA" time="0.012" classname="readExcelTest.MDReadXls"/>
  <testcase name="testA" time="0.002" classname="readExcelTest.MDReadXls"/>
  <testcase name="testA" time="0.001" classname="readExcelTest.MDReadXls"/>
  <testcase name="testA" time="0.001" classname="readExcelTest.MDReadXls"/>
  <testcase name="testA" time="0.002" classname="readExcelTest.MDReadXls"/>
</testsuite> <!-- readExcelTest.MDReadXls -->
